2013-10-23 18:44:50 Error: [MissingControllerException] Controller class CssController could not be found.
Exception Attributes: array (
  'class' => 'CssController',
  'plugin' => NULL,
)
Request URL: /nfq/css/cake.generic.css
Stack Trace:
#0 D:\wamp\www\nfq\app\webroot\index.php(110): Dispatcher->dispatch(Object(CakeRequest), Object(CakeResponse))
#1 {main}
2013-10-23 18:53:03 Error: [MissingControllerException] Controller class CssController could not be found.
Exception Attributes: array (
  'class' => 'CssController',
  'plugin' => NULL,
)
Request URL: /nfq/css/cake.generic.css
Stack Trace:
#0 D:\wamp\www\nfq\app\webroot\index.php(110): Dispatcher->dispatch(Object(CakeRequest), Object(CakeResponse))
#1 {main}
2013-10-23 18:53:04 Error: [MissingControllerException] Controller class CssController could not be found.
Exception Attributes: array (
  'class' => 'CssController',
  'plugin' => NULL,
)
Request URL: /nfq/css/cake.generic.css
Stack Trace:
#0 D:\wamp\www\nfq\app\webroot\index.php(110): Dispatcher->dispatch(Object(CakeRequest), Object(CakeResponse))
#1 {main}
2013-10-23 18:53:21 Error: [MissingControllerException] Controller class CssController could not be found.
Exception Attributes: array (
  'class' => 'CssController',
  'plugin' => NULL,
)
Request URL: /nfq/css/cake.generic.css
Stack Trace:
#0 D:\wamp\www\nfq\app\webroot\index.php(110): Dispatcher->dispatch(Object(CakeRequest), Object(CakeResponse))
#1 {main}
2013-10-23 18:56:12 Error: [MissingControllerException] Controller class CssController could not be found.
Exception Attributes: array (
  'class' => 'CssController',
  'plugin' => NULL,
)
Request URL: /nfq/css/cake.generic.css
Stack Trace:
#0 D:\wamp\www\nfq\app\webroot\index.php(110): Dispatcher->dispatch(Object(CakeRequest), Object(CakeResponse))
#1 {main}
2013-10-23 19:18:59 Error: [MissingControllerException] Controller class CssController could not be found.
Exception Attributes: array (
  'class' => 'CssController',
  'plugin' => NULL,
)
Request URL: /nfq/css/cake.generic.css
Stack Trace:
#0 D:\wamp\www\nfq\app\webroot\index.php(110): Dispatcher->dispatch(Object(CakeRequest), Object(CakeResponse))
#1 {main}
2013-10-23 19:24:56 Error: [MissingControllerException] Controller class Background.jpgController could not be found.
Exception Attributes: array (
  'class' => 'Background.jpgController',
  'plugin' => NULL,
)
Request URL: /nfq/background.jpg
Stack Trace:
#0 D:\wamp\www\nfq\app\webroot\index.php(110): Dispatcher->dispatch(Object(CakeRequest), Object(CakeResponse))
#1 {main}
2013-10-23 20:04:19 Error: [MissingControllerException] Controller class Background.jpgController could not be found.
Exception Attributes: array (
  'class' => 'Background.jpgController',
  'plugin' => NULL,
)
Request URL: /nfq/background.jpg
Stack Trace:
#0 D:\wamp\www\nfq\app\webroot\index.php(110): Dispatcher->dispatch(Object(CakeRequest), Object(CakeResponse))
#1 {main}
2013-10-23 20:21:34 Error: Fatal Error (4): syntax error, unexpected T_ELSE in [D:\wamp\www\nfq\app\View\Layouts\default.ctp, line 64]
2013-10-23 20:21:34 Error: [FatalErrorException] syntax error, unexpected T_ELSE
Request URL: /nfq/
Stack Trace:
#0 D:\wamp\www\nfq\lib\Cake\Error\ErrorHandler.php(205): ErrorHandler::handleFatalError(4, 'syntax error, u...', 'D:\wamp\www\nfq...', 64)
#1 [internal function]: ErrorHandler::handleError(4, 'syntax error, u...', 'D:\wamp\www\nfq...', 64, Array)
#2 D:\wamp\www\nfq\lib\Cake\Core\App.php(931): call_user_func('ErrorHandler::h...', 4, 'syntax error, u...', 'D:\wamp\www\nfq...', 64, Array)
#3 D:\wamp\www\nfq\lib\Cake\Core\App.php(904): App::_checkFatalError()
#4 [internal function]: App::shutdown()
#5 {main}
2013-10-24 01:28:17 Error: Fatal Error (1): Call to undefined method PagesController::strleft() in [D:\wamp\www\nfq\app\Controller\AppController.php, line 86]
2013-10-24 01:28:17 Error: [FatalErrorException] Call to undefined method PagesController::strleft()
Request URL: /nfq/
Stack Trace:
#0 D:\wamp\www\nfq\lib\Cake\Error\ErrorHandler.php(205): ErrorHandler::handleFatalError(1, 'Call to undefin...', 'D:\wamp\www\nfq...', 86)
#1 [internal function]: ErrorHandler::handleError(1, 'Call to undefin...', 'D:\wamp\www\nfq...', 86, Array)
#2 D:\wamp\www\nfq\lib\Cake\Core\App.php(931): call_user_func('ErrorHandler::h...', 1, 'Call to undefin...', 'D:\wamp\www\nfq...', 86, Array)
#3 D:\wamp\www\nfq\lib\Cake\Core\App.php(904): App::_checkFatalError()
#4 [internal function]: App::shutdown()
#5 {main}
2013-10-24 01:28:18 Error: [MissingControllerException] Controller class CssController could not be found.
Exception Attributes: array (
  'class' => 'CssController',
  'plugin' => NULL,
)
Request URL: /nfq/css/cake.generic.css
Stack Trace:
#0 D:\wamp\www\nfq\app\webroot\index.php(110): Dispatcher->dispatch(Object(CakeRequest), Object(CakeResponse))
#1 {main}
2013-10-24 01:29:11 Error: [PDOException] SQLSTATE[42000]: Syntax error or access violation: 1064 You have an error in your SQL syntax; check the manual that corresponds to your MySQL server version for the right syntax to use near 'getDefaultSite' at line 1
Request URL: /nfq/
Stack Trace:
#0 D:\wamp\www\nfq\lib\Cake\Model\Datasource\DboSource.php(460): PDOStatement->execute(Array)
#1 D:\wamp\www\nfq\lib\Cake\Model\Datasource\DboSource.php(426): DboSource->_execute('getDefaultSite', Array)
#2 D:\wamp\www\nfq\lib\Cake\Model\Datasource\DboSource.php(666): DboSource->execute('getDefaultSite', Array, Array)
#3 D:\wamp\www\nfq\lib\Cake\Model\Datasource\DboSource.php(611): DboSource->fetchAll('getDefaultSite', Array, Array)
#4 D:\wamp\www\nfq\lib\Cake\Model\Model.php(801): DboSource->query('getDefaultSite', Array, Object(AppModel))
#5 D:\wamp\www\nfq\app\Controller\AppController.php(68): Model->__call('getDefaultSite', Array)
#6 D:\wamp\www\nfq\app\Controller\AppController.php(68): AppModel->getDefaultSite()
#7 D:\wamp\www\nfq\app\Controller\AppController.php(43): AppController->__setLanguage()
#8 [internal function]: AppController->beforeFilter(Object(CakeEvent))
#9 D:\wamp\www\nfq\lib\Cake\Event\CakeEventManager.php(248): call_user_func(Array, Object(CakeEvent))
#10 D:\wamp\www\nfq\lib\Cake\Controller\Controller.php(674): CakeEventManager->dispatch(Object(CakeEvent))
#11 D:\wamp\www\nfq\lib\Cake\Routing\Dispatcher.php(184): Controller->startupProcess()
#12 D:\wamp\www\nfq\lib\Cake\Routing\Dispatcher.php(162): Dispatcher->_invoke(Object(PagesController), Object(CakeRequest), Object(CakeResponse))
#13 D:\wamp\www\nfq\app\webroot\index.php(110): Dispatcher->dispatch(Object(CakeRequest), Object(CakeResponse))
#14 {main}
2013-10-24 01:29:11 Error: [MissingControllerException] Controller class CssController could not be found.
Exception Attributes: array (
  'class' => 'CssController',
  'plugin' => NULL,
)
Request URL: /nfq/css/cake.generic.css
Stack Trace:
#0 D:\wamp\www\nfq\app\webroot\index.php(110): Dispatcher->dispatch(Object(CakeRequest), Object(CakeResponse))
#1 {main}
2013-10-24 01:31:25 Error: [PDOException] SQLSTATE[42000]: Syntax error or access violation: 1064 You have an error in your SQL syntax; check the manual that corresponds to your MySQL server version for the right syntax to use near 'getDefaultSite' at line 1
Request URL: /nfq/
Stack Trace:
#0 D:\wamp\www\nfq\lib\Cake\Model\Datasource\DboSource.php(460): PDOStatement->execute(Array)
#1 D:\wamp\www\nfq\lib\Cake\Model\Datasource\DboSource.php(426): DboSource->_execute('getDefaultSite', Array)
#2 D:\wamp\www\nfq\lib\Cake\Model\Datasource\DboSource.php(666): DboSource->execute('getDefaultSite', Array, Array)
#3 D:\wamp\www\nfq\lib\Cake\Model\Datasource\DboSource.php(611): DboSource->fetchAll('getDefaultSite', Array, Array)
#4 D:\wamp\www\nfq\lib\Cake\Model\Model.php(801): DboSource->query('getDefaultSite', Array, Object(AppModel))
#5 D:\wamp\www\nfq\app\Controller\AppController.php(68): Model->__call('getDefaultSite', Array)
#6 D:\wamp\www\nfq\app\Controller\AppController.php(68): AppModel->getDefaultSite()
#7 D:\wamp\www\nfq\app\Controller\AppController.php(43): AppController->__setLanguage()
#8 [internal function]: AppController->beforeFilter(Object(CakeEvent))
#9 D:\wamp\www\nfq\lib\Cake\Event\CakeEventManager.php(248): call_user_func(Array, Object(CakeEvent))
#10 D:\wamp\www\nfq\lib\Cake\Controller\Controller.php(674): CakeEventManager->dispatch(Object(CakeEvent))
#11 D:\wamp\www\nfq\lib\Cake\Routing\Dispatcher.php(184): Controller->startupProcess()
#12 D:\wamp\www\nfq\lib\Cake\Routing\Dispatcher.php(162): Dispatcher->_invoke(Object(PagesController), Object(CakeRequest), Object(CakeResponse))
#13 D:\wamp\www\nfq\app\webroot\index.php(110): Dispatcher->dispatch(Object(CakeRequest), Object(CakeResponse))
#14 {main}
2013-10-24 01:31:25 Error: [MissingControllerException] Controller class CssController could not be found.
Exception Attributes: array (
  'class' => 'CssController',
  'plugin' => NULL,
)
Request URL: /nfq/css/cake.generic.css
Stack Trace:
#0 D:\wamp\www\nfq\app\webroot\index.php(110): Dispatcher->dispatch(Object(CakeRequest), Object(CakeResponse))
#1 {main}
2013-10-24 01:33:06 Error: [PDOException] SQLSTATE[42000]: Syntax error or access violation: 1064 You have an error in your SQL syntax; check the manual that corresponds to your MySQL server version for the right syntax to use near 'getDefaultSite' at line 1
Request URL: /nfq/
Stack Trace:
#0 D:\wamp\www\nfq\lib\Cake\Model\Datasource\DboSource.php(460): PDOStatement->execute(Array)
#1 D:\wamp\www\nfq\lib\Cake\Model\Datasource\DboSource.php(426): DboSource->_execute('getDefaultSite', Array)
#2 D:\wamp\www\nfq\lib\Cake\Model\Datasource\DboSource.php(666): DboSource->execute('getDefaultSite', Array, Array)
#3 D:\wamp\www\nfq\lib\Cake\Model\Datasource\DboSource.php(611): DboSource->fetchAll('getDefaultSite', Array, Array)
#4 D:\wamp\www\nfq\lib\Cake\Model\Model.php(801): DboSource->query('getDefaultSite', Array, Object(AppModel))
#5 D:\wamp\www\nfq\app\Controller\AppController.php(68): Model->__call('getDefaultSite', Array)
#6 D:\wamp\www\nfq\app\Controller\AppController.php(68): AppModel->getDefaultSite()
#7 D:\wamp\www\nfq\app\Controller\AppController.php(43): AppController->__setLanguage()
#8 [internal function]: AppController->beforeFilter(Object(CakeEvent))
#9 D:\wamp\www\nfq\lib\Cake\Event\CakeEventManager.php(248): call_user_func(Array, Object(CakeEvent))
#10 D:\wamp\www\nfq\lib\Cake\Controller\Controller.php(674): CakeEventManager->dispatch(Object(CakeEvent))
#11 D:\wamp\www\nfq\lib\Cake\Routing\Dispatcher.php(184): Controller->startupProcess()
#12 D:\wamp\www\nfq\lib\Cake\Routing\Dispatcher.php(162): Dispatcher->_invoke(Object(PagesController), Object(CakeRequest), Object(CakeResponse))
#13 D:\wamp\www\nfq\app\webroot\index.php(110): Dispatcher->dispatch(Object(CakeRequest), Object(CakeResponse))
#14 {main}
2013-10-24 01:33:06 Error: [MissingControllerException] Controller class CssController could not be found.
Exception Attributes: array (
  'class' => 'CssController',
  'plugin' => NULL,
)
Request URL: /nfq/css/cake.generic.css
Stack Trace:
#0 D:\wamp\www\nfq\app\webroot\index.php(110): Dispatcher->dispatch(Object(CakeRequest), Object(CakeResponse))
#1 {main}
2013-10-24 02:03:00 Error: Fatal Error (4): syntax error, unexpected ';', expecting ')' in [D:\wamp\www\nfq\app\Model\Basic.php, line 13]
2013-10-24 02:03:00 Error: [FatalErrorException] syntax error, unexpected ';', expecting ')'
Request URL: /nfq/
Stack Trace:
#0 D:\wamp\www\nfq\lib\Cake\Error\ErrorHandler.php(205): ErrorHandler::handleFatalError(4, 'syntax error, u...', 'D:\wamp\www\nfq...', 13)
#1 [internal function]: ErrorHandler::handleError(4, 'syntax error, u...', 'D:\wamp\www\nfq...', 13, Array)
#2 D:\wamp\www\nfq\lib\Cake\Core\App.php(931): call_user_func('ErrorHandler::h...', 4, 'syntax error, u...', 'D:\wamp\www\nfq...', 13, Array)
#3 D:\wamp\www\nfq\lib\Cake\Core\App.php(904): App::_checkFatalError()
#4 [internal function]: App::shutdown()
#5 {main}
2013-10-24 02:03:00 Error: [MissingControllerException] Controller class CssController could not be found.
Exception Attributes: array (
  'class' => 'CssController',
  'plugin' => NULL,
)
Request URL: /nfq/css/cake.generic.css
Stack Trace:
#0 D:\wamp\www\nfq\app\webroot\index.php(110): Dispatcher->dispatch(Object(CakeRequest), Object(CakeResponse))
#1 {main}
2013-10-24 02:03:00 Error: Fatal Error (4): syntax error, unexpected ';', expecting ')' in [D:\wamp\www\nfq\app\Model\Basic.php, line 13]
2013-10-24 02:03:00 Error: [FatalErrorException] syntax error, unexpected ';', expecting ')'
Request URL: /nfq/css/cake.generic.css
Stack Trace:
#0 D:\wamp\www\nfq\lib\Cake\Error\ErrorHandler.php(205): ErrorHandler::handleFatalError(4, 'syntax error, u...', 'D:\wamp\www\nfq...', 13)
#1 [internal function]: ErrorHandler::handleError(4, 'syntax error, u...', 'D:\wamp\www\nfq...', 13, Array)
#2 D:\wamp\www\nfq\lib\Cake\Core\App.php(931): call_user_func('ErrorHandler::h...', 4, 'syntax error, u...', 'D:\wamp\www\nfq...', 13, Array)
#3 D:\wamp\www\nfq\lib\Cake\Core\App.php(904): App::_checkFatalError()
#4 [internal function]: App::shutdown()
#5 {main}
2013-10-24 02:04:05 Error: [MissingTableException] Table basics for model Basic was not found in datasource default.
Exception Attributes: array (
  'table' => 'basics',
  'class' => 'Basic',
  'ds' => 'default',
)
Request URL: /nfq/
Stack Trace:
#0 D:\wamp\www\nfq\lib\Cake\Model\Model.php(3476): Model->setSource('basics')
#1 D:\wamp\www\nfq\lib\Cake\Model\Model.php(2880): Model->getDataSource()
#2 D:\wamp\www\nfq\lib\Cake\Model\Model.php(2852): Model->_readDataSource('first', Array)
#3 D:\wamp\www\nfq\app\Model\Basic.php(8): Model->find('first', Array)
#4 D:\wamp\www\nfq\app\Controller\AppController.php(44): Basic->findBasicOptions()
#5 [internal function]: AppController->beforeFilter(Object(CakeEvent))
#6 D:\wamp\www\nfq\lib\Cake\Event\CakeEventManager.php(248): call_user_func(Array, Object(CakeEvent))
#7 D:\wamp\www\nfq\lib\Cake\Controller\Controller.php(674): CakeEventManager->dispatch(Object(CakeEvent))
#8 D:\wamp\www\nfq\lib\Cake\Routing\Dispatcher.php(184): Controller->startupProcess()
#9 D:\wamp\www\nfq\lib\Cake\Routing\Dispatcher.php(162): Dispatcher->_invoke(Object(PagesController), Object(CakeRequest), Object(CakeResponse))
#10 D:\wamp\www\nfq\app\webroot\index.php(110): Dispatcher->dispatch(Object(CakeRequest), Object(CakeResponse))
#11 {main}
2013-10-24 02:04:06 Error: [MissingControllerException] Controller class CssController could not be found.
Exception Attributes: array (
  'class' => 'CssController',
  'plugin' => NULL,
)
Request URL: /nfq/css/cake.generic.css
Stack Trace:
#0 D:\wamp\www\nfq\app\webroot\index.php(110): Dispatcher->dispatch(Object(CakeRequest), Object(CakeResponse))
#1 {main}
2013-10-24 02:05:17 Error: [PDOException] SQLSTATE[42S22]: Column not found: 1054 Unknown column 'Menu.published' in 'where clause'
Request URL: /nfq/
Stack Trace:
#0 D:\wamp\www\nfq\lib\Cake\Model\Datasource\DboSource.php(460): PDOStatement->execute(Array)
#1 D:\wamp\www\nfq\lib\Cake\Model\Datasource\DboSource.php(426): DboSource->_execute('SELECT `MenuIte...', Array)
#2 D:\wamp\www\nfq\lib\Cake\Model\Datasource\DboSource.php(666): DboSource->execute('SELECT `MenuIte...', Array, Array)
#3 D:\wamp\www\nfq\lib\Cake\Model\Datasource\DboSource.php(1077): DboSource->fetchAll('SELECT `MenuIte...', false)
#4 D:\wamp\www\nfq\lib\Cake\Model\Model.php(2880): DboSource->read(Object(MenuItem), Array)
#5 D:\wamp\www\nfq\lib\Cake\Model\Model.php(2852): Model->_readDataSource('all', Array)
#6 D:\wamp\www\nfq\app\Model\MenuItem.php(17): Model->find('all', Array)
#7 D:\wamp\www\nfq\app\Model\Menu.php(29): MenuItem->getMenuPages('topmenu')
#8 D:\wamp\www\nfq\app\Controller\AppController.php(50): Menu->getMenuItems('topmenu')
#9 [internal function]: AppController->beforeFilter(Object(CakeEvent))
#10 D:\wamp\www\nfq\lib\Cake\Event\CakeEventManager.php(248): call_user_func(Array, Object(CakeEvent))
#11 D:\wamp\www\nfq\lib\Cake\Controller\Controller.php(674): CakeEventManager->dispatch(Object(CakeEvent))
#12 D:\wamp\www\nfq\lib\Cake\Routing\Dispatcher.php(184): Controller->startupProcess()
#13 D:\wamp\www\nfq\lib\Cake\Routing\Dispatcher.php(162): Dispatcher->_invoke(Object(PagesController), Object(CakeRequest), Object(CakeResponse))
#14 D:\wamp\www\nfq\app\webroot\index.php(110): Dispatcher->dispatch(Object(CakeRequest), Object(CakeResponse))
#15 {main}
2013-10-24 02:05:17 Error: [MissingControllerException] Controller class CssController could not be found.
Exception Attributes: array (
  'class' => 'CssController',
  'plugin' => NULL,
)
Request URL: /nfq/css/cake.generic.css
Stack Trace:
#0 D:\wamp\www\nfq\app\webroot\index.php(110): Dispatcher->dispatch(Object(CakeRequest), Object(CakeResponse))
#1 {main}
2013-10-24 07:26:31 Error: [MissingConnectionException] Database connection "Mysql" is missing, or could not be created.
Exception Attributes: array (
  'class' => 'Mysql',
  'message' => 'SQLSTATE[HY000] [2002] No connection could be made because the target machine actively refused it.
',
  'enabled' => true,
)
Request URL: /nfq/
Stack Trace:
#0 D:\wamp\www\nfq\lib\Cake\Model\Datasource\DboSource.php(262): Mysql->connect()
#1 D:\wamp\www\nfq\lib\Cake\Model\ConnectionManager.php(107): DboSource->__construct(Array)
#2 D:\wamp\www\nfq\lib\Cake\Model\Model.php(3454): ConnectionManager::getDataSource('default')
#3 D:\wamp\www\nfq\lib\Cake\Model\Model.php(1124): Model->setDataSource('default')
#4 D:\wamp\www\nfq\lib\Cake\Model\Model.php(3476): Model->setSource('basics')
#5 D:\wamp\www\nfq\lib\Cake\Model\Model.php(2880): Model->getDataSource()
#6 D:\wamp\www\nfq\lib\Cake\Model\Model.php(2852): Model->_readDataSource('first', Array)
#7 D:\wamp\www\nfq\app\Model\Basic.php(8): Model->find('first', Array)
#8 D:\wamp\www\nfq\app\Controller\AppController.php(44): Basic->findBasicOptions()
#9 [internal function]: AppController->beforeFilter(Object(CakeEvent))
#10 D:\wamp\www\nfq\lib\Cake\Event\CakeEventManager.php(248): call_user_func(Array, Object(CakeEvent))
#11 D:\wamp\www\nfq\lib\Cake\Controller\Controller.php(674): CakeEventManager->dispatch(Object(CakeEvent))
#12 D:\wamp\www\nfq\lib\Cake\Routing\Dispatcher.php(184): Controller->startupProcess()
#13 D:\wamp\www\nfq\lib\Cake\Routing\Dispatcher.php(162): Dispatcher->_invoke(Object(PagesController), Object(CakeRequest), Object(CakeResponse))
#14 D:\wamp\www\nfq\app\webroot\index.php(110): Dispatcher->dispatch(Object(CakeRequest), Object(CakeResponse))
#15 {main}
2013-10-24 07:26:35 Error: [MissingControllerException] Controller class CssController could not be found.
Exception Attributes: array (
  'class' => 'CssController',
  'plugin' => NULL,
)
Request URL: /nfq/css/cake.generic.css
Stack Trace:
#0 D:\wamp\www\nfq\app\webroot\index.php(110): Dispatcher->dispatch(Object(CakeRequest), Object(CakeResponse))
#1 {main}
2013-10-24 07:59:57 Error: Fatal Error (4): syntax error, unexpected T_PRIVATE in [D:\wamp\www\nfq\app\Controller\AppController.php, line 58]
2013-10-24 07:59:57 Error: [FatalErrorException] syntax error, unexpected T_PRIVATE
Request URL: /nfq/
Stack Trace:
#0 D:\wamp\www\nfq\lib\Cake\Error\ErrorHandler.php(205): ErrorHandler::handleFatalError(4, 'syntax error, u...', 'D:\wamp\www\nfq...', 58)
#1 [internal function]: ErrorHandler::handleError(4, 'syntax error, u...', 'D:\wamp\www\nfq...', 58, Array)
#2 D:\wamp\www\nfq\lib\Cake\Core\App.php(931): call_user_func('ErrorHandler::h...', 4, 'syntax error, u...', 'D:\wamp\www\nfq...', 58, Array)
#3 D:\wamp\www\nfq\lib\Cake\Core\App.php(904): App::_checkFatalError()
#4 [internal function]: App::shutdown()
#5 {main}
